This is pdfTeX, Version 3.141592653-2.6-1.40.25 (MiKTeX 24.1) (preloaded format=pdflatex 2025.2.20)  10 MAR 2025 11:09
entering extended mode
 restricted \write18 enabled.
 file:line:error style messages enabled.
 %&-line parsing enabled.
**"c:/Users/einar/OneDrive - NTNU/Vår 2025/Databaser/TDT4145_project/besvarelse.tex"
(c:/Users/einar/OneDrive - NTNU/Vår 2025/Databaser/TDT4145_project/besvarelse.tex
LaTeX2e <2023-11-01> patch level 1
L3 programming layer <2024-01-04>
(C:\Users\einar\OneDrive\Skrivebord\downloads\tex/latex/base\article.cls
Document Class: article 2023/05/17 v1.4n Standard LaTeX document class
(C:\Users\einar\OneDrive\Skrivebord\downloads\tex/latex/base\size12.clo
File: size12.clo 2023/05/17 v1.4n Standard LaTeX file (size option)
)
\c@part=\count187
\c@section=\count188
\c@subsection=\count189
\c@subsubsection=\count190
\c@paragraph=\count191
\c@subparagraph=\count192
\c@figure=\count193
\c@table=\count194
\abovecaptionskip=\skip48
\belowcaptionskip=\skip49
\bibindent=\dimen140
) (C:\Users\einar\OneDrive\Skrivebord\downloads\tex/latex/base\inputenc.sty
Package: inputenc 2021/02/14 v1.3d Input encoding file
\inpenc@prehook=\toks17
\inpenc@posthook=\toks18
) (C:\Users\einar\OneDrive\Skrivebord\downloads\tex/latex/amsmath\amsmath.sty
Package: amsmath 2023/05/13 v2.17o AMS math features
\@mathmargin=\skip50

For additional information on amsmath, use the `?' option.
(C:\Users\einar\OneDrive\Skrivebord\downloads\tex/latex/amsmath\amstext.sty
Package: amstext 2021/08/26 v2.01 AMS text
 (C:\Users\einar\OneDrive\Skrivebord\downloads\tex/latex/amsmath\amsgen.sty
File: amsgen.sty 1999/11/30 v2.0 generic functions
\@emptytoks=\toks19
\ex@=\dimen141
)) (C:\Users\einar\OneDrive\Skrivebord\downloads\tex/latex/amsmath\amsbsy.sty
Package: amsbsy 1999/11/29 v1.2d Bold Symbols
\pmbraise@=\dimen142
) (C:\Users\einar\OneDrive\Skrivebord\downloads\tex/latex/amsmath\amsopn.sty
Package: amsopn 2022/04/08 v2.04 operator names
)
\inf@bad=\count195
LaTeX Info: Redefining \frac on input line 234.
\uproot@=\count196
\leftroot@=\count197
LaTeX Info: Redefining \overline on input line 399.
LaTeX Info: Redefining \colon on input line 410.
\classnum@=\count198
\DOTSCASE@=\count199
LaTeX Info: Redefining \ldots on input line 496.
LaTeX Info: Redefining \dots on input line 499.
LaTeX Info: Redefining \cdots on input line 620.
\Mathstrutbox@=\box51
\strutbox@=\box52
LaTeX Info: Redefining \big on input line 722.
LaTeX Info: Redefining \Big on input line 723.
LaTeX Info: Redefining \bigg on input line 724.
LaTeX Info: Redefining \Bigg on input line 725.
\big@size=\dimen143
LaTeX Font Info:    Redeclaring font encoding OML on input line 743.
LaTeX Font Info:    Redeclaring font encoding OMS on input line 744.
\macc@depth=\count266
LaTeX Info: Redefining \bmod on input line 905.
LaTeX Info: Redefining \pmod on input line 910.
LaTeX Info: Redefining \smash on input line 940.
LaTeX Info: Redefining \relbar on input line 970.
LaTeX Info: Redefining \Relbar on input line 971.
\c@MaxMatrixCols=\count267
\dotsspace@=\muskip16
\c@parentequation=\count268
\dspbrk@lvl=\count269
\tag@help=\toks20
\row@=\count270
\column@=\count271
\maxfields@=\count272
\andhelp@=\toks21
\eqnshift@=\dimen144
\alignsep@=\dimen145
\tagshift@=\dimen146
\tagwidth@=\dimen147
\totwidth@=\dimen148
\lineht@=\dimen149
\@envbody=\toks22
\multlinegap=\skip51
\multlinetaggap=\skip52
\mathdisplay@stack=\toks23
LaTeX Info: Redefining \[ on input line 2953.
LaTeX Info: Redefining \] on input line 2954.
) (C:\Users\einar\OneDrive\Skrivebord\downloads\tex/latex/amsfonts\amsfonts.sty
Package: amsfonts 2013/01/14 v3.01 Basic AMSFonts support
\symAMSa=\mathgroup4
\symAMSb=\mathgroup5
LaTeX Font Info:    Redeclaring math symbol \hbar on input line 98.
LaTeX Font Info:    Overwriting math alphabet `\mathfrak' in version `bold'
(Font)                  U/euf/m/n --> U/euf/b/n on input line 106.
) (C:\Users\einar\OneDrive\Skrivebord\downloads\tex/latex/amsfonts\amssymb.sty
Package: amssymb 2013/01/14 v3.01 AMS font symbols
) (C:\Users\einar\OneDrive\Skrivebord\downloads\tex/latex/graphics\graphicx.sty
Package: graphicx 2021/09/16 v1.2d Enhanced LaTeX Graphics (DPC,SPQR)
 (C:\Users\einar\OneDrive\Skrivebord\downloads\tex/latex/graphics\keyval.sty
Package: keyval 2022/05/29 v1.15 key=value parser (DPC)
\KV@toks@=\toks24
) (C:\Users\einar\OneDrive\Skrivebord\downloads\tex/latex/graphics\graphics.sty
Package: graphics 2022/03/10 v1.4e Standard LaTeX Graphics (DPC,SPQR)
 (C:\Users\einar\OneDrive\Skrivebord\downloads\tex/latex/graphics\trig.sty
Package: trig 2021/08/11 v1.11 sin cos tan (DPC)
) (C:\Users\einar\OneDrive\Skrivebord\downloads\tex/latex/graphics-cfg\graphics.cfg
File: graphics.cfg 2016/06/04 v1.11 sample graphics configuration
)
Package graphics Info: Driver file: pdftex.def on input line 107.
 (C:\Users\einar\OneDrive\Skrivebord\downloads\tex/latex/graphics-def\pdftex.def
File: pdftex.def 2022/09/22 v1.2b Graphics/color driver for pdftex
))
\Gin@req@height=\dimen150
\Gin@req@width=\dimen151
) (C:\Users\einar\OneDrive\Skrivebord\downloads\tex/latex/float\float.sty
Package: float 2001/11/08 v1.3d Float enhancements (AL)
\c@float@type=\count273
\float@exts=\toks25
\float@box=\box53
\@float@everytoks=\toks26
\@floatcapt=\box54
) (C:\Users\einar\OneDrive\Skrivebord\downloads\tex/latex/hyperref\hyperref.sty
Package: hyperref 2023-11-26 v7.01g Hypertext links for LaTeX
 (C:\Users\einar\OneDrive\Skrivebord\downloads\tex/generic/iftex\iftex.sty
Package: iftex 2022/02/03 v1.0f TeX engine tests
) (C:\Users\einar\OneDrive\Skrivebord\downloads\tex/generic/infwarerr\infwarerr.sty
Package: infwarerr 2019/12/03 v1.5 Providing info/warning/error messages (HO)
) (C:\Users\einar\OneDrive\Skrivebord\downloads\tex/latex/kvsetkeys\kvsetkeys.sty
Package: kvsetkeys 2022-10-05 v1.19 Key value parser (HO)
) (C:\Users\einar\OneDrive\Skrivebord\downloads\tex/generic/kvdefinekeys\kvdefinekeys.sty
Package: kvdefinekeys 2019-12-19 v1.6 Define keys (HO)
) (C:\Users\einar\OneDrive\Skrivebord\downloads\tex/generic/pdfescape\pdfescape.sty
Package: pdfescape 2019/12/09 v1.15 Implements pdfTeX's escape features (HO)
 (C:\Users\einar\OneDrive\Skrivebord\downloads\tex/generic/ltxcmds\ltxcmds.sty
Package: ltxcmds 2023-12-04 v1.26 LaTeX kernel commands for general use (HO)
) (C:\Users\einar\OneDrive\Skrivebord\downloads\tex/generic/pdftexcmds\pdftexcmds.sty
Package: pdftexcmds 2020-06-27 v0.33 Utility functions of pdfTeX for LuaTeX (HO)
Package pdftexcmds Info: \pdf@primitive is available.
Package pdftexcmds Info: \pdf@ifprimitive is available.
Package pdftexcmds Info: \pdfdraftmode found.
)) (C:\Users\einar\OneDrive\Skrivebord\downloads\tex/latex/hycolor\hycolor.sty
Package: hycolor 2020-01-27 v1.10 Color options for hyperref/bookmark (HO)
) (C:\Users\einar\OneDrive\Skrivebord\downloads\tex/latex/letltxmacro\letltxmacro.sty
Package: letltxmacro 2019/12/03 v1.6 Let assignment for LaTeX macros (HO)
) (C:\Users\einar\OneDrive\Skrivebord\downloads\tex/latex/auxhook\auxhook.sty
Package: auxhook 2019-12-17 v1.6 Hooks for auxiliary files (HO)
) (C:\Users\einar\OneDrive\Skrivebord\downloads\tex/latex/hyperref\nameref.sty
Package: nameref 2023-11-26 v2.56 Cross-referencing by name of section
 (C:\Users\einar\OneDrive\Skrivebord\downloads\tex/latex/refcount\refcount.sty
Package: refcount 2019/12/15 v3.6 Data extraction from label references (HO)
) (C:\Users\einar\OneDrive\Skrivebord\downloads\tex/generic/gettitlestring\gettitlestring.sty
Package: gettitlestring 2019/12/15 v1.6 Cleanup title references (HO)
 (C:\Users\einar\OneDrive\Skrivebord\downloads\tex/latex/kvoptions\kvoptions.sty
Package: kvoptions 2022-06-15 v3.15 Key value format for package options (HO)
))
\c@section@level=\count274
) (C:\Users\einar\OneDrive\Skrivebord\downloads\tex/latex/etoolbox\etoolbox.sty
Package: etoolbox 2020/10/05 v2.5k e-TeX tools for LaTeX (JAW)
\etb@tempcnta=\count275
)
\@linkdim=\dimen152
\Hy@linkcounter=\count276
\Hy@pagecounter=\count277
 (C:\Users\einar\OneDrive\Skrivebord\downloads\tex/latex/hyperref\pd1enc.def
File: pd1enc.def 2023-11-26 v7.01g Hyperref: PDFDocEncoding definition (HO)
Now handling font encoding PD1 ...
... no UTF-8 mapping file for font encoding PD1
) (C:\Users\einar\OneDrive\Skrivebord\downloads\tex/generic/intcalc\intcalc.sty
Package: intcalc 2019/12/15 v1.3 Expandable calculations with integers (HO)
)
\Hy@SavedSpaceFactor=\count278
 (C:\Users\einar\OneDrive\Skrivebord\downloads\tex/latex/hyperref\puenc.def
File: puenc.def 2023-11-26 v7.01g Hyperref: PDF Unicode definition (HO)
Now handling font encoding PU ...
... no UTF-8 mapping file for font encoding PU
)
Package hyperref Info: Hyper figures OFF on input line 4181.
Package hyperref Info: Link nesting OFF on input line 4186.
Package hyperref Info: Hyper index ON on input line 4189.
Package hyperref Info: Plain pages OFF on input line 4196.
Package hyperref Info: Backreferencing OFF on input line 4201.
Package hyperref Info: Implicit mode ON; LaTeX internals redefined.
Package hyperref Info: Bookmarks ON on input line 4448.
\c@Hy@tempcnt=\count279
 (C:\Users\einar\OneDrive\Skrivebord\downloads\tex/latex/url\url.sty
\Urlmuskip=\muskip17
Package: url 2013/09/16  ver 3.4  Verb mode for urls, etc.
)
LaTeX Info: Redefining \url on input line 4786.
\XeTeXLinkMargin=\dimen153
 (C:\Users\einar\OneDrive\Skrivebord\downloads\tex/generic/bitset\bitset.sty
Package: bitset 2019/12/09 v1.3 Handle bit-vector datatype (HO)
 (C:\Users\einar\OneDrive\Skrivebord\downloads\tex/generic/bigintcalc\bigintcalc.sty
Package: bigintcalc 2019/12/15 v1.5 Expandable calculations on big integers (HO)
))
\Fld@menulength=\count280
\Field@Width=\dimen154
\Fld@charsize=\dimen155
Package hyperref Info: Hyper figures OFF on input line 6065.
Package hyperref Info: Link nesting OFF on input line 6070.
Package hyperref Info: Hyper index ON on input line 6073.
Package hyperref Info: backreferencing OFF on input line 6080.
Package hyperref Info: Link coloring OFF on input line 6085.
Package hyperref Info: Link coloring with OCG OFF on input line 6090.
Package hyperref Info: PDF/A mode OFF on input line 6095.
 (C:\Users\einar\OneDrive\Skrivebord\downloads\tex/latex/base\atbegshi-ltx.sty
Package: atbegshi-ltx 2021/01/10 v1.0c Emulation of the original atbegshi
package with kernel methods
)
\Hy@abspage=\count281
\c@Item=\count282
\c@Hfootnote=\count283
)
Package hyperref Info: Driver (autodetected): hpdftex.
 (C:\Users\einar\OneDrive\Skrivebord\downloads\tex/latex/hyperref\hpdftex.def
File: hpdftex.def 2023-11-26 v7.01g Hyperref driver for pdfTeX
 (C:\Users\einar\OneDrive\Skrivebord\downloads\tex/latex/base\atveryend-ltx.sty
Package: atveryend-ltx 2020/08/19 v1.0a Emulation of the original atveryend package
with kernel methods
)
\Fld@listcount=\count284
\c@bookmark@seq@number=\count285
 (C:\Users\einar\OneDrive\Skrivebord\downloads\tex/latex/rerunfilecheck\rerunfilecheck.sty
Package: rerunfilecheck 2022-07-10 v1.10 Rerun checks for auxiliary files (HO)
 (C:\Users\einar\OneDrive\Skrivebord\downloads\tex/generic/uniquecounter\uniquecounter.sty
Package: uniquecounter 2019/12/15 v1.4 Provide unlimited unique counter (HO)
)
Package uniquecounter Info: New unique counter `rerunfilecheck' on input line 285.
)
\Hy@SectionHShift=\skip53
) (C:\Users\einar\OneDrive\Skrivebord\downloads\tex/latex/listings\listings.sty
\lst@mode=\count286
\lst@gtempboxa=\box55
\lst@token=\toks27
\lst@length=\count287
\lst@currlwidth=\dimen156
\lst@column=\count288
\lst@pos=\count289
\lst@lostspace=\dimen157
\lst@width=\dimen158
\lst@newlines=\count290
\lst@lineno=\count291
\lst@maxwidth=\dimen159
 (C:\Users\einar\OneDrive\Skrivebord\downloads\tex/latex/listings\lstmisc.sty
File: lstmisc.sty 2023/02/27 1.9 (Carsten Heinz)
\c@lstnumber=\count292
\lst@skipnumbers=\count293
\lst@framebox=\box56
) (C:\Users\einar\OneDrive\Skrivebord\downloads\tex/latex/listings\listings.cfg
File: listings.cfg 2023/02/27 1.9 listings configuration
))
Package: listings 2023/02/27 1.9 (Carsten Heinz)
 (C:\Users\einar\OneDrive\Skrivebord\downloads\tex/latex/graphics\color.sty
Package: color 2022/01/06 v1.3d Standard LaTeX Color (DPC)
 (C:\Users\einar\OneDrive\Skrivebord\downloads\tex/latex/graphics-cfg\color.cfg
File: color.cfg 2016/01/02 v1.6 sample color configuration
)
Package color Info: Driver file: pdftex.def on input line 149.
 (C:\Users\einar\OneDrive\Skrivebord\downloads\tex/latex/graphics\mathcolor.ltx)) (C:\Users\einar\OneDrive\Skrivebord\downloads\tex/latex/caption\subcaption.sty
Package: subcaption 2023/07/28 v1.6b Sub-captions (AR)
 (C:\Users\einar\OneDrive\Skrivebord\downloads\tex/latex/caption\caption.sty
Package: caption 2023/08/05 v3.6o Customizing captions (AR)
 (C:\Users\einar\OneDrive\Skrivebord\downloads\tex/latex/caption\caption3.sty
Package: caption3 2023/07/31 v2.4d caption3 kernel (AR)
\caption@tempdima=\dimen160
\captionmargin=\dimen161
\caption@leftmargin=\dimen162
\caption@rightmargin=\dimen163
\caption@width=\dimen164
\caption@indent=\dimen165
\caption@parindent=\dimen166
\caption@hangindent=\dimen167
Package caption Info: Standard document class detected.
)
\c@caption@flags=\count294
\c@continuedfloat=\count295
Package caption Info: float package is loaded.
Package caption Info: hyperref package is loaded.
Package caption Info: listings package is loaded.
)
Package caption Info: New subtype `subfigure' on input line 238.
\c@subfigure=\count296
Package caption Info: New subtype `subtable' on input line 238.
\c@subtable=\count297
) (C:\Users\einar\OneDrive\Skrivebord\downloads\tex/latex/pgf/frontendlayer\tikz.sty (C:\Users\einar\OneDrive\Skrivebord\downloads\tex/latex/pgf/basiclayer\pgf.sty (C:\Users\einar\OneDrive\Skrivebord\downloads\tex/latex/pgf/utilities\pgfrcs.sty (C:\Users\einar\OneDrive\Skrivebord\downloads\tex/generic/pgf/utilities\pgfutil-common.tex
\pgfutil@everybye=\toks28
\pgfutil@tempdima=\dimen168
\pgfutil@tempdimb=\dimen169
) (C:\Users\einar\OneDrive\Skrivebord\downloads\tex/generic/pgf/utilities\pgfutil-latex.def
\pgfutil@abb=\box57
) (C:\Users\einar\OneDrive\Skrivebord\downloads\tex/generic/pgf/utilities\pgfrcs.code.tex (C:\Users\einar\OneDrive\Skrivebord\downloads\tex/generic/pgf\pgf.revision.tex)
Package: pgfrcs 2023-01-15 v3.1.10 (3.1.10)
))
Package: pgf 2023-01-15 v3.1.10 (3.1.10)
 (C:\Users\einar\OneDrive\Skrivebord\downloads\tex/latex/pgf/basiclayer\pgfcore.sty (C:\Users\einar\OneDrive\Skrivebord\downloads\tex/latex/pgf/systemlayer\pgfsys.sty (C:\Users\einar\OneDrive\Skrivebord\downloads\tex/generic/pgf/systemlayer\pgfsys.code.tex
Package: pgfsys 2023-01-15 v3.1.10 (3.1.10)
 (C:\Users\einar\OneDrive\Skrivebord\downloads\tex/generic/pgf/utilities\pgfkeys.code.tex
\pgfkeys@pathtoks=\toks29
\pgfkeys@temptoks=\toks30
 (C:\Users\einar\OneDrive\Skrivebord\downloads\tex/generic/pgf/utilities\pgfkeyslibraryfiltered.code.tex
\pgfkeys@tmptoks=\toks31
))
\pgf@x=\dimen170
\pgf@y=\dimen171
\pgf@xa=\dimen172
\pgf@ya=\dimen173
\pgf@xb=\dimen174
\pgf@yb=\dimen175
\pgf@xc=\dimen176
\pgf@yc=\dimen177
\pgf@xd=\dimen178
\pgf@yd=\dimen179
\w@pgf@writea=\write3
\r@pgf@reada=\read2
\c@pgf@counta=\count298
\c@pgf@countb=\count299
\c@pgf@countc=\count300
\c@pgf@countd=\count301
\t@pgf@toka=\toks32
\t@pgf@tokb=\toks33
\t@pgf@tokc=\toks34
\pgf@sys@id@count=\count302
 (C:\Users\einar\OneDrive\Skrivebord\downloads\tex/generic/pgf/systemlayer\pgf.cfg
File: pgf.cfg 2023-01-15 v3.1.10 (3.1.10)
)
Driver file for pgf: pgfsys-pdftex.def
 (C:\Users\einar\OneDrive\Skrivebord\downloads\tex/generic/pgf/systemlayer\pgfsys-pdftex.def
File: pgfsys-pdftex.def 2023-01-15 v3.1.10 (3.1.10)
 (C:\Users\einar\OneDrive\Skrivebord\downloads\tex/generic/pgf/systemlayer\pgfsys-common-pdf.def
File: pgfsys-common-pdf.def 2023-01-15 v3.1.10 (3.1.10)
))) (C:\Users\einar\OneDrive\Skrivebord\downloads\tex/generic/pgf/systemlayer\pgfsyssoftpath.code.tex
File: pgfsyssoftpath.code.tex 2023-01-15 v3.1.10 (3.1.10)
\pgfsyssoftpath@smallbuffer@items=\count303
\pgfsyssoftpath@bigbuffer@items=\count304
) (C:\Users\einar\OneDrive\Skrivebord\downloads\tex/generic/pgf/systemlayer\pgfsysprotocol.code.tex
File: pgfsysprotocol.code.tex 2023-01-15 v3.1.10 (3.1.10)
)) (C:\Users\einar\OneDrive\Skrivebord\downloads\tex/latex/xcolor\xcolor.sty
Package: xcolor 2023/11/15 v3.01 LaTeX color extensions (UK)
 (C:\Users\einar\OneDrive\Skrivebord\downloads\tex/latex/graphics-cfg\color.cfg
File: color.cfg 2016/01/02 v1.6 sample color configuration
)
Package xcolor Info: Driver file: pdftex.def on input line 274.
LaTeX Info: Redefining \color on input line 758.
 (C:\Users\einar\OneDrive\Skrivebord\downloads\tex/latex/graphics\mathcolor.ltx)
Package xcolor Info: Model `cmy' substituted by `cmy0' on input line 1350.
Package xcolor Info: Model `hsb' substituted by `rgb' on input line 1354.
Package xcolor Info: Model `RGB' extended on input line 1366.
Package xcolor Info: Model `HTML' substituted by `rgb' on input line 1368.
Package xcolor Info: Model `Hsb' substituted by `hsb' on input line 1369.
Package xcolor Info: Model `tHsb' substituted by `hsb' on input line 1370.
Package xcolor Info: Model `HSB' substituted by `hsb' on input line 1371.
Package xcolor Info: Model `Gray' substituted by `gray' on input line 1372.
Package xcolor Info: Model `wave' substituted by `hsb' on input line 1373.
) (C:\Users\einar\OneDrive\Skrivebord\downloads\tex/generic/pgf/basiclayer\pgfcore.code.tex
Package: pgfcore 2023-01-15 v3.1.10 (3.1.10)
 (C:\Users\einar\OneDrive\Skrivebord\downloads\tex/generic/pgf/math\pgfmath.code.tex (C:\Users\einar\OneDrive\Skrivebord\downloads\tex/generic/pgf/math\pgfmathutil.code.tex) (C:\Users\einar\OneDrive\Skrivebord\downloads\tex/generic/pgf/math\pgfmathparser.code.tex
\pgfmath@dimen=\dimen180
\pgfmath@count=\count305
\pgfmath@box=\box58
\pgfmath@toks=\toks35
\pgfmath@stack@operand=\toks36
\pgfmath@stack@operation=\toks37
) (C:\Users\einar\OneDrive\Skrivebord\downloads\tex/generic/pgf/math\pgfmathfunctions.code.tex) (C:\Users\einar\OneDrive\Skrivebord\downloads\tex/generic/pgf/math\pgfmathfunctions.basic.code.tex) (C:\Users\einar\OneDrive\Skrivebord\downloads\tex/generic/pgf/math\pgfmathfunctions.trigonometric.code.tex) (C:\Users\einar\OneDrive\Skrivebord\downloads\tex/generic/pgf/math\pgfmathfunctions.random.code.tex) (C:\Users\einar\OneDrive\Skrivebord\downloads\tex/generic/pgf/math\pgfmathfunctions.comparison.code.tex) (C:\Users\einar\OneDrive\Skrivebord\downloads\tex/generic/pgf/math\pgfmathfunctions.base.code.tex) (C:\Users\einar\OneDrive\Skrivebord\downloads\tex/generic/pgf/math\pgfmathfunctions.round.code.tex) (C:\Users\einar\OneDrive\Skrivebord\downloads\tex/generic/pgf/math\pgfmathfunctions.misc.code.tex) (C:\Users\einar\OneDrive\Skrivebord\downloads\tex/generic/pgf/math\pgfmathfunctions.integerarithmetics.code.tex) (C:\Users\einar\OneDrive\Skrivebord\downloads\tex/generic/pgf/math\pgfmathcalc.code.tex) (C:\Users\einar\OneDrive\Skrivebord\downloads\tex/generic/pgf/math\pgfmathfloat.code.tex
\c@pgfmathroundto@lastzeros=\count306
)) (C:\Users\einar\OneDrive\Skrivebord\downloads\tex/generic/pgf/math\pgfint.code.tex) (C:\Users\einar\OneDrive\Skrivebord\downloads\tex/generic/pgf/basiclayer\pgfcorepoints.code.tex
File: pgfcorepoints.code.tex 2023-01-15 v3.1.10 (3.1.10)
\pgf@picminx=\dimen181
\pgf@picmaxx=\dimen182
\pgf@picminy=\dimen183
\pgf@picmaxy=\dimen184
\pgf@pathminx=\dimen185
\pgf@pathmaxx=\dimen186
\pgf@pathminy=\dimen187
\pgf@pathmaxy=\dimen188
\pgf@xx=\dimen189
\pgf@xy=\dimen190
\pgf@yx=\dimen191
\pgf@yy=\dimen192
\pgf@zx=\dimen193
\pgf@zy=\dimen194
) (C:\Users\einar\OneDrive\Skrivebord\downloads\tex/generic/pgf/basiclayer\pgfcorepathconstruct.code.tex
File: pgfcorepathconstruct.code.tex 2023-01-15 v3.1.10 (3.1.10)
\pgf@path@lastx=\dimen195
\pgf@path@lasty=\dimen196
) (C:\Users\einar\OneDrive\Skrivebord\downloads\tex/generic/pgf/basiclayer\pgfcorepathusage.code.tex
File: pgfcorepathusage.code.tex 2023-01-15 v3.1.10 (3.1.10)
\pgf@shorten@end@additional=\dimen197
\pgf@shorten@start@additional=\dimen198
) (C:\Users\einar\OneDrive\Skrivebord\downloads\tex/generic/pgf/basiclayer\pgfcorescopes.code.tex
File: pgfcorescopes.code.tex 2023-01-15 v3.1.10 (3.1.10)
\pgfpic=\box59
\pgf@hbox=\box60
\pgf@layerbox@main=\box61
\pgf@picture@serial@count=\count307
) (C:\Users\einar\OneDrive\Skrivebord\downloads\tex/generic/pgf/basiclayer\pgfcoregraphicstate.code.tex
File: pgfcoregraphicstate.code.tex 2023-01-15 v3.1.10 (3.1.10)
\pgflinewidth=\dimen199
) (C:\Users\einar\OneDrive\Skrivebord\downloads\tex/generic/pgf/basiclayer\pgfcoretransformations.code.tex
File: pgfcoretransformations.code.tex 2023-01-15 v3.1.10 (3.1.10)
\pgf@pt@x=\dimen256
\pgf@pt@y=\dimen257
\pgf@pt@temp=\dimen258
) (C:\Users\einar\OneDrive\Skrivebord\downloads\tex/generic/pgf/basiclayer\pgfcorequick.code.tex
File: pgfcorequick.code.tex 2023-01-15 v3.1.10 (3.1.10)
) (C:\Users\einar\OneDrive\Skrivebord\downloads\tex/generic/pgf/basiclayer\pgfcoreobjects.code.tex
File: pgfcoreobjects.code.tex 2023-01-15 v3.1.10 (3.1.10)
) (C:\Users\einar\OneDrive\Skrivebord\downloads\tex/generic/pgf/basiclayer\pgfcorepathprocessing.code.tex
File: pgfcorepathprocessing.code.tex 2023-01-15 v3.1.10 (3.1.10)
) (C:\Users\einar\OneDrive\Skrivebord\downloads\tex/generic/pgf/basiclayer\pgfcorearrows.code.tex
File: pgfcorearrows.code.tex 2023-01-15 v3.1.10 (3.1.10)
\pgfarrowsep=\dimen259
) (C:\Users\einar\OneDrive\Skrivebord\downloads\tex/generic/pgf/basiclayer\pgfcoreshade.code.tex
File: pgfcoreshade.code.tex 2023-01-15 v3.1.10 (3.1.10)
\pgf@max=\dimen260
\pgf@sys@shading@range@num=\count308
\pgf@shadingcount=\count309
) (C:\Users\einar\OneDrive\Skrivebord\downloads\tex/generic/pgf/basiclayer\pgfcoreimage.code.tex
File: pgfcoreimage.code.tex 2023-01-15 v3.1.10 (3.1.10)
) (C:\Users\einar\OneDrive\Skrivebord\downloads\tex/generic/pgf/basiclayer\pgfcoreexternal.code.tex
File: pgfcoreexternal.code.tex 2023-01-15 v3.1.10 (3.1.10)
\pgfexternal@startupbox=\box62
) (C:\Users\einar\OneDrive\Skrivebord\downloads\tex/generic/pgf/basiclayer\pgfcorelayers.code.tex
File: pgfcorelayers.code.tex 2023-01-15 v3.1.10 (3.1.10)
) (C:\Users\einar\OneDrive\Skrivebord\downloads\tex/generic/pgf/basiclayer\pgfcoretransparency.code.tex
File: pgfcoretransparency.code.tex 2023-01-15 v3.1.10 (3.1.10)
) (C:\Users\einar\OneDrive\Skrivebord\downloads\tex/generic/pgf/basiclayer\pgfcorepatterns.code.tex
File: pgfcorepatterns.code.tex 2023-01-15 v3.1.10 (3.1.10)
) (C:\Users\einar\OneDrive\Skrivebord\downloads\tex/generic/pgf/basiclayer\pgfcorerdf.code.tex
File: pgfcorerdf.code.tex 2023-01-15 v3.1.10 (3.1.10)
))) (C:\Users\einar\OneDrive\Skrivebord\downloads\tex/generic/pgf/modules\pgfmoduleshapes.code.tex
File: pgfmoduleshapes.code.tex 2023-01-15 v3.1.10 (3.1.10)
\pgfnodeparttextbox=\box63
) (C:\Users\einar\OneDrive\Skrivebord\downloads\tex/generic/pgf/modules\pgfmoduleplot.code.tex
File: pgfmoduleplot.code.tex 2023-01-15 v3.1.10 (3.1.10)
) (C:\Users\einar\OneDrive\Skrivebord\downloads\tex/latex/pgf/compatibility\pgfcomp-version-0-65.sty
Package: pgfcomp-version-0-65 2023-01-15 v3.1.10 (3.1.10)
\pgf@nodesepstart=\dimen261
\pgf@nodesepend=\dimen262
) (C:\Users\einar\OneDrive\Skrivebord\downloads\tex/latex/pgf/compatibility\pgfcomp-version-1-18.sty
Package: pgfcomp-version-1-18 2023-01-15 v3.1.10 (3.1.10)
)) (C:\Users\einar\OneDrive\Skrivebord\downloads\tex/latex/pgf/utilities\pgffor.sty (C:\Users\einar\OneDrive\Skrivebord\downloads\tex/latex/pgf/utilities\pgfkeys.sty (C:\Users\einar\OneDrive\Skrivebord\downloads\tex/generic/pgf/utilities\pgfkeys.code.tex)) (C:\Users\einar\OneDrive\Skrivebord\downloads\tex/latex/pgf/math\pgfmath.sty (C:\Users\einar\OneDrive\Skrivebord\downloads\tex/generic/pgf/math\pgfmath.code.tex)) (C:\Users\einar\OneDrive\Skrivebord\downloads\tex/generic/pgf/utilities\pgffor.code.tex
Package: pgffor 2023-01-15 v3.1.10 (3.1.10)
\pgffor@iter=\dimen263
\pgffor@skip=\dimen264
\pgffor@stack=\toks38
\pgffor@toks=\toks39
)) (C:\Users\einar\OneDrive\Skrivebord\downloads\tex/generic/pgf/frontendlayer/tikz\tikz.code.tex
Package: tikz 2023-01-15 v3.1.10 (3.1.10)
 (C:\Users\einar\OneDrive\Skrivebord\downloads\tex/generic/pgf/libraries\pgflibraryplothandlers.code.tex
File: pgflibraryplothandlers.code.tex 2023-01-15 v3.1.10 (3.1.10)
\pgf@plot@mark@count=\count310
\pgfplotmarksize=\dimen265
)
\tikz@lastx=\dimen266
\tikz@lasty=\dimen267
\tikz@lastxsaved=\dimen268
\tikz@lastysaved=\dimen269
\tikz@lastmovetox=\dimen270
\tikz@lastmovetoy=\dimen271
\tikzleveldistance=\dimen272
\tikzsiblingdistance=\dimen273
\tikz@figbox=\box64
\tikz@figbox@bg=\box65
\tikz@tempbox=\box66
\tikz@tempbox@bg=\box67
\tikztreelevel=\count311
\tikznumberofchildren=\count312
\tikznumberofcurrentchild=\count313
\tikz@fig@count=\count314

(C:\Users\einar\OneDrive\Skrivebord\downloads\tex/generic/pgf/modules\pgfmodulematrix.code.tex
File: pgfmodulematrix.code.tex 2023-01-15 v3.1.10 (3.1.10)
\pgfmatrixcurrentrow=\count315
\pgfmatrixcurrentcolumn=\count316
\pgf@matrix@numberofcolumns=\count317
)
\tikz@expandcount=\count318
 (C:\Users\einar\OneDrive\Skrivebord\downloads\tex/generic/pgf/frontendlayer/tikz/libraries\tikzlibrarytopaths.code.tex
File: tikzlibrarytopaths.code.tex 2023-01-15 v3.1.10 (3.1.10)
))) (C:\Users\einar\OneDrive\Skrivebord\downloads\tex/latex/pgfplots\pgfplots.sty (C:\Users\einar\OneDrive\Skrivebord\downloads\tex/generic/pgfplots\pgfplots.revision.tex)
Package: pgfplots 2021/05/15 v1.18.1 Data Visualization (1.18.1)
 (C:\Users\einar\OneDrive\Skrivebord\downloads\tex/generic/pgfplots\pgfplots.code.tex (C:\Users\einar\OneDrive\Skrivebord\downloads\tex/generic/pgfplots\pgfplotscore.code.tex
\t@pgfplots@toka=\toks40
\t@pgfplots@tokb=\toks41
\t@pgfplots@tokc=\toks42
\pgfplots@tmpa=\dimen274
\c@pgfplots@coordindex=\count319
\c@pgfplots@scanlineindex=\count320
 (C:\Users\einar\OneDrive\Skrivebord\downloads\tex/generic/pgfplots/sys\pgfplotssysgeneric.code.tex)) (C:\Users\einar\OneDrive\Skrivebord\downloads\tex/generic/pgfplots/libs\pgfplotslibrary.code.tex) (C:\Users\einar\OneDrive\Skrivebord\downloads\tex/generic/pgfplots/oldpgfcompatib\pgfplotsoldpgfsupp_loader.code.tex (C:\Users\einar\OneDrive\Skrivebord\downloads\tex/generic/pgf/libraries\pgflibraryfpu.code.tex)
Package pgfplots: loading complementary utilities for your pgf version...
\t@pgf@toka=\toks43
\t@pgf@tokb=\toks44
\t@pgf@tokc=\toks45
(C:\Users\einar\OneDrive\Skrivebord\downloads\tex/generic/pgfplots/oldpgfcompatib\pgfplotsoldpgfsupp_pgfutil-common-lists.tex)) (C:\Users\einar\OneDrive\Skrivebord\downloads\tex/generic/pgfplots/util\pgfplotsutil.code.tex (C:\Users\einar\OneDrive\Skrivebord\downloads\tex/generic/pgfplots/liststructure\pgfplotsliststructure.code.tex) (C:\Users\einar\OneDrive\Skrivebord\downloads\tex/generic/pgfplots/liststructure\pgfplotsliststructureext.code.tex) (C:\Users\einar\OneDrive\Skrivebord\downloads\tex/generic/pgfplots/liststructure\pgfplotsarray.code.tex
\c@pgfplotsarray@tmp=\count321
) (C:\Users\einar\OneDrive\Skrivebord\downloads\tex/generic/pgfplots/liststructure\pgfplotsmatrix.code.tex) (C:\Users\einar\OneDrive\Skrivebord\downloads\tex/generic/pgfplots/numtable\pgfplotstableshared.code.tex
\c@pgfplotstable@counta=\count322
\t@pgfplotstable@a=\toks46
) (C:\Users\einar\OneDrive\Skrivebord\downloads\tex/generic/pgfplots/liststructure\pgfplotsdeque.code.tex) (C:\Users\einar\OneDrive\Skrivebord\downloads\tex/generic/pgfplots/util\pgfplotsbinary.code.tex (C:\Users\einar\OneDrive\Skrivebord\downloads\tex/generic/pgfplots/util\pgfplotsbinary.data.code.tex)) (C:\Users\einar\OneDrive\Skrivebord\downloads\tex/generic/pgfplots/util\pgfplotsutil.verb.code.tex) (C:\Users\einar\OneDrive\Skrivebord\downloads\tex/generic/pgfplots/libs\pgflibrarypgfplots.surfshading.code.tex
\c@pgfplotslibrarysurf@no=\count323
 (C:\Users\einar\OneDrive\Skrivebord\downloads\tex/generic/pgfplots/sys\pgflibrarypgfplots.surfshading.pgfsys-pdftex.def))) (C:\Users\einar\OneDrive\Skrivebord\downloads\tex/generic/pgfplots/util\pgfplotscolormap.code.tex (C:\Users\einar\OneDrive\Skrivebord\downloads\tex/generic/pgfplots/util\pgfplotscolor.code.tex)) (C:\Users\einar\OneDrive\Skrivebord\downloads\tex/generic/pgfplots\pgfplotsstackedplots.code.tex) (C:\Users\einar\OneDrive\Skrivebord\downloads\tex/generic/pgfplots\pgfplotsplothandlers.code.tex (C:\Users\einar\OneDrive\Skrivebord\downloads\tex/generic/pgfplots\pgfplotsmeshplothandler.code.tex (C:\Users\einar\OneDrive\Skrivebord\downloads\tex/generic/pgfplots\pgfplotsmeshplotimage.code.tex))) (C:\Users\einar\OneDrive\Skrivebord\downloads\tex/generic/pgfplots\pgfplots.scaling.code.tex) (C:\Users\einar\OneDrive\Skrivebord\downloads\tex/generic/pgfplots\pgfplotscoordprocessing.code.tex) (C:\Users\einar\OneDrive\Skrivebord\downloads\tex/generic/pgfplots\pgfplots.errorbars.code.tex) (C:\Users\einar\OneDrive\Skrivebord\downloads\tex/generic/pgfplots\pgfplots.markers.code.tex) (C:\Users\einar\OneDrive\Skrivebord\downloads\tex/generic/pgfplots\pgfplotsticks.code.tex) (C:\Users\einar\OneDrive\Skrivebord\downloads\tex/generic/pgfplots\pgfplots.paths.code.tex) (C:\Users\einar\OneDrive\Skrivebord\downloads\tex/generic/pgf/frontendlayer/tikz/libraries\tikzlibrarydecorations.code.tex (C:\Users\einar\OneDrive\Skrivebord\downloads\tex/generic/pgf/modules\pgfmoduledecorations.code.tex
\pgfdecoratedcompleteddistance=\dimen275
\pgfdecoratedremainingdistance=\dimen276
\pgfdecoratedinputsegmentcompleteddistance=\dimen277
\pgfdecoratedinputsegmentremainingdistance=\dimen278
\pgf@decorate@distancetomove=\dimen279
\pgf@decorate@repeatstate=\count324
\pgfdecorationsegmentamplitude=\dimen280
\pgfdecorationsegmentlength=\dimen281
)
\tikz@lib@dec@box=\box68
) (C:\Users\einar\OneDrive\Skrivebord\downloads\tex/generic/pgf/frontendlayer/tikz/libraries\tikzlibrarydecorations.pathmorphing.code.tex (C:\Users\einar\OneDrive\Skrivebord\downloads\tex/generic/pgf/libraries/decorations\pgflibrarydecorations.pathmorphing.code.tex)) (C:\Users\einar\OneDrive\Skrivebord\downloads\tex/generic/pgf/frontendlayer/tikz/libraries\tikzlibrarydecorations.pathreplacing.code.tex (C:\Users\einar\OneDrive\Skrivebord\downloads\tex/generic/pgf/libraries/decorations\pgflibrarydecorations.pathreplacing.code.tex)) (C:\Users\einar\OneDrive\Skrivebord\downloads\tex/generic/pgfplots/libs\tikzlibrarypgfplots.contourlua.code.tex)
\pgfplots@numplots=\count325
\pgfplots@xmin@reg=\dimen282
\pgfplots@xmax@reg=\dimen283
\pgfplots@ymin@reg=\dimen284
\pgfplots@ymax@reg=\dimen285
\pgfplots@zmin@reg=\dimen286
\pgfplots@zmax@reg=\dimen287
) (C:\Users\einar\OneDrive\Skrivebord\downloads\tex/generic/pgf/frontendlayer/tikz/libraries\tikzlibraryplotmarks.code.tex
File: tikzlibraryplotmarks.code.tex 2023-01-15 v3.1.10 (3.1.10)
 (C:\Users\einar\OneDrive\Skrivebord\downloads\tex/generic/pgf/libraries\pgflibraryplotmarks.code.tex
File: pgflibraryplotmarks.code.tex 2023-01-15 v3.1.10 (3.1.10)
))) (C:\Users\einar\OneDrive\Skrivebord\downloads\tex/latex/pgfplots\pgfplotstable.sty (C:\Users\einar\OneDrive\Skrivebord\downloads\tex/generic/pgfplots\pgfplots.revision.tex)
Package: pgfplotstable 2021/05/15 v1.18.1 Table typesetting and Pretty-printing (1.18.1)
 (C:\Users\einar\OneDrive\Skrivebord\downloads\tex/generic/pgfplots/numtable\pgfplotstable.code.tex (C:\Users\einar\OneDrive\Skrivebord\downloads\tex/generic/pgfplots/numtable\pgfplotstable.coltype.code.tex)) (C:\Users\einar\OneDrive\Skrivebord\downloads\tex/latex/tools\array.sty
Package: array 2023/10/16 v2.5g Tabular extension package (FMi)
\col@sep=\dimen288
\ar@mcellbox=\box69
\extrarowheight=\dimen289
\NC@list=\toks47
\extratabsurround=\skip54
\backup@length=\skip55
\ar@cellbox=\box70
)) (C:\Users\einar\OneDrive\Skrivebord\downloads\tex/latex/booktabs\booktabs.sty
Package: booktabs 2020/01/12 v1.61803398 Publication quality tables
\heavyrulewidth=\dimen290
\lightrulewidth=\dimen291
\cmidrulewidth=\dimen292
\belowrulesep=\dimen293
\belowbottomsep=\dimen294
\aboverulesep=\dimen295
\abovetopsep=\dimen296
\cmidrulesep=\dimen297
\cmidrulekern=\dimen298
\defaultaddspace=\dimen299
\@cmidla=\count326
\@cmidlb=\count327
\@aboverulesep=\dimen300
\@belowrulesep=\dimen301
\@thisruleclass=\count328
\@lastruleclass=\count329
\@thisrulewidth=\dimen302
) (C:\Users\einar\OneDrive\Skrivebord\downloads\tex/latex/multirow\multirow.sty
Package: multirow 2024/11/12 v2.9 Span multiple rows of a table
\multirow@colwidth=\skip56
\multirow@cntb=\count330
\multirow@dima=\skip57
\bigstrutjot=\dimen303
) (C:\Users\einar\OneDrive\Skrivebord\downloads\tex/latex/tools\multicol.sty
Package: multicol 2023/03/30 v1.9f multicolumn formatting (FMi)
\c@tracingmulticols=\count331
\mult@box=\box71
\multicol@leftmargin=\dimen304
\c@unbalance=\count332
\c@collectmore=\count333
\doublecol@number=\count334
\multicoltolerance=\count335
\multicolpretolerance=\count336
\full@width=\dimen305
\page@free=\dimen306
\premulticols=\dimen307
\postmulticols=\dimen308
\multicolsep=\skip58
\multicolbaselineskip=\skip59
\partial@page=\box72
\last@line=\box73
\mc@boxedresult=\box74
\maxbalancingoverflow=\dimen309
\mult@rightbox=\box75
\mult@grightbox=\box76
\mult@firstbox=\box77
\mult@gfirstbox=\box78
\@tempa=\box79
\@tempa=\box80
\@tempa=\box81
\@tempa=\box82
\@tempa=\box83
\@tempa=\box84
\@tempa=\box85
\@tempa=\box86
\@tempa=\box87
\@tempa=\box88
\@tempa=\box89
\@tempa=\box90
\@tempa=\box91
\@tempa=\box92
\@tempa=\box93
\@tempa=\box94
\@tempa=\box95
\@tempa=\box96
\@tempa=\box97
\@tempa=\box98
\@tempa=\box99
\@tempa=\box100
\@tempa=\box101
\@tempa=\box102
\@tempa=\box103
\@tempa=\box104
\@tempa=\box105
\@tempa=\box106
\@tempa=\box107
\@tempa=\box108
\@tempa=\box109
\@tempa=\box110
\@tempa=\box111
\@tempa=\box112
\@tempa=\box113
\@tempa=\box114
\c@minrows=\count337
\c@columnbadness=\count338
\c@finalcolumnbadness=\count339
\last@try=\dimen310
\multicolovershoot=\dimen311
\multicolundershoot=\dimen312
\mult@nat@firstbox=\box115
\colbreak@box=\box116
\mc@col@check@num=\count340
) (C:\Users\einar\OneDrive\Skrivebord\downloads\tex/latex/enumitem\enumitem.sty
Package: enumitem 2025/02/06 v3.11 Customized lists
\labelindent=\skip60
\enit@outerparindent=\dimen313
\enit@toks=\toks48
\enit@inbox=\box117
\enit@count@id=\count341
\enitdp@description=\count342
) (C:\Users\einar\OneDrive\Skrivebord\downloads\tex/latex/mathtools\mathtools.sty
Package: mathtools 2024/10/04 v1.31 mathematical typesetting tools
 (C:\Users\einar\OneDrive\Skrivebord\downloads\tex/latex/tools\calc.sty
Package: calc 2023/07/08 v4.3 Infix arithmetic (KKT,FJ)
\calc@Acount=\count343
\calc@Bcount=\count344
\calc@Adimen=\dimen314
\calc@Bdimen=\dimen315
\calc@Askip=\skip61
\calc@Bskip=\skip62
LaTeX Info: Redefining \setlength on input line 80.
LaTeX Info: Redefining \addtolength on input line 81.
\calc@Ccount=\count345
\calc@Cskip=\skip63
) (C:\Users\einar\OneDrive\Skrivebord\downloads\tex/latex/mathtools\mhsetup.sty
Package: mhsetup 2021/03/18 v1.4 programming setup (MH)
)
\g_MT_multlinerow_int=\count346
\l_MT_multwidth_dim=\dimen316
\origjot=\skip64
\l_MT_shortvdotswithinadjustabove_dim=\dimen317
\l_MT_shortvdotswithinadjustbelow_dim=\dimen318
\l_MT_above_intertext_sep=\dimen319
\l_MT_below_intertext_sep=\dimen320
\l_MT_above_shortintertext_sep=\dimen321
\l_MT_below_shortintertext_sep=\dimen322
\xmathstrut@box=\box118
\xmathstrut@dim=\dimen323
) (C:\Users\einar\OneDrive\Skrivebord\downloads\tex/latex/algorithms\algorithm.sty
Package: algorithm 2009/08/24 v0.1 Document Style `algorithm' - floating environment
 (C:\Users\einar\OneDrive\Skrivebord\downloads\tex/latex/base\ifthen.sty
Package: ifthen 2022/04/13 v1.1d Standard LaTeX ifthen package (DPC)
)
\@float@every@algorithm=\toks49
\c@algorithm=\count347
) (C:\Users\einar\OneDrive\Skrivebord\downloads\tex/latex/algorithmicx\algpseudocode.sty
Package: algpseudocode 
 (C:\Users\einar\OneDrive\Skrivebord\downloads\tex/latex/algorithmicx\algorithmicx.sty
Package: algorithmicx 2005/04/27 v1.2 Algorithmicx

Document Style algorithmicx 1.2 - a greatly improved `algorithmic' style
\c@ALG@line=\count348
\c@ALG@rem=\count349
\c@ALG@nested=\count350
\ALG@tlm=\skip65
\ALG@thistlm=\skip66
\c@ALG@Lnr=\count351
\c@ALG@blocknr=\count352
\c@ALG@storecount=\count353
\c@ALG@tmpcounter=\count354
\ALG@tmplength=\skip67
)
Document Style - pseudocode environments for use with the `algorithmicx' style
) (C:\Users\einar\OneDrive\Skrivebord\downloads\tex/latex/pdfpages\pdfpages.sty
Package: pdfpages 2025/01/30 v0.6e Insert pages of external PDF documents (AM)
 (C:\Users\einar\OneDrive\Skrivebord\downloads\tex/latex/eso-pic\eso-pic.sty
Package: eso-pic 2023/05/03 v3.0c eso-pic (RN)
\ESO@tempdima=\dimen324
\ESO@tempdimb=\dimen325
)
\AM@pagewidth=\dimen326
\AM@pageheight=\dimen327
\AM@fboxrule=\dimen328
 (C:\Users\einar\OneDrive\Skrivebord\downloads\tex/latex/pdfpages\pppdftex.def
File: pppdftex.def 2025/01/30 v0.6e Pdfpages driver for pdfTeX (AM)
)
\pdfpages@includegraphics@status=\count355
\AM@pagebox=\box119
\AM@global@opts=\toks50
\AM@pagecnt=\count356
\AM@toc@title=\toks51
\AM@lof@heading=\toks52
\c@AM@survey=\count357
\AM@templatesizebox=\box120
) (C:\Users\einar\OneDrive\Skrivebord\downloads\tex/latex/l3backend\l3backend-pdftex.def
File: l3backend-pdftex.def 2024-01-04 L3 backend support: PDF output (pdfTeX)
\l__color_backend_stack_int=\count358
\l__pdf_internal_box=\box121
) (besvarelse.aux)
\openout1 = `besvarelse.aux'.

LaTeX Font Info:    Checking defaults for OML/cmm/m/it on input line 34.
LaTeX Font Info:    ... okay on input line 34.
LaTeX Font Info:    Checking defaults for OMS/cmsy/m/n on input line 34.
LaTeX Font Info:    ... okay on input line 34.
LaTeX Font Info:    Checking defaults for OT1/cmr/m/n on input line 34.
LaTeX Font Info:    ... okay on input line 34.
LaTeX Font Info:    Checking defaults for T1/cmr/m/n on input line 34.
LaTeX Font Info:    ... okay on input line 34.
LaTeX Font Info:    Checking defaults for TS1/cmr/m/n on input line 34.
LaTeX Font Info:    ... okay on input line 34.
LaTeX Font Info:    Checking defaults for OMX/cmex/m/n on input line 34.
LaTeX Font Info:    ... okay on input line 34.
LaTeX Font Info:    Checking defaults for U/cmr/m/n on input line 34.
LaTeX Font Info:    ... okay on input line 34.
LaTeX Font Info:    Checking defaults for PD1/pdf/m/n on input line 34.
LaTeX Font Info:    ... okay on input line 34.
LaTeX Font Info:    Checking defaults for PU/pdf/m/n on input line 34.
LaTeX Font Info:    ... okay on input line 34.
 (C:\Users\einar\OneDrive\Skrivebord\downloads\tex/context/base/mkii\supp-pdf.mkii
[Loading MPS to PDF converter (version 2006.09.02).]
\scratchcounter=\count359
\scratchdimen=\dimen329
\scratchbox=\box122
\nofMPsegments=\count360
\nofMParguments=\count361
\everyMPshowfont=\toks53
\MPscratchCnt=\count362
\MPscratchDim=\dimen330
\MPnumerator=\count363
\makeMPintoPDFobject=\count364
\everyMPtoPDFconversion=\toks54
) (C:\Users\einar\OneDrive\Skrivebord\downloads\tex/latex/epstopdf-pkg\epstopdf-base.sty
Package: epstopdf-base 2020-01-24 v2.11 Base part for package epstopdf
Package epstopdf-base Info: Redefining graphics rule for `.eps' on input line 485.
 (C:\Users\einar\OneDrive\Skrivebord\downloads\tex/latex/00miktex\epstopdf-sys.cfg
File: epstopdf-sys.cfg 2021/03/18 v2.0 Configuration of epstopdf for MiKTeX
))
Package hyperref Info: Link coloring OFF on input line 34.
 (besvarelse.out) (besvarelse.out)
\@outlinefile=\write4
\openout4 = `besvarelse.out'.

\c@lstlisting=\count365
Package caption Info: Begin \AtBeginDocument code.
Package caption Info: End \AtBeginDocument code.


Package pgfplots Warning: running in backwards compatibility mode (unsuitable tick labels; missing features). Consider writing \pgfplotsset{compat=1.18} into your preamble.
 on input line 34.

(C:\Users\einar\OneDrive\Skrivebord\downloads\tex/latex/pdflscape\pdflscape.sty
Package: pdflscape 2022-10-27 v0.13 Display of landscape pages in PDF
 (C:\Users\einar\OneDrive\Skrivebord\downloads\tex/latex/pdflscape\pdflscape-nometadata.sty
Package: pdflscape-nometadata 2022-10-28 v0.13 Display of landscape pages in PDF (HO)
 (C:\Users\einar\OneDrive\Skrivebord\downloads\tex/latex/graphics\lscape.sty
Package: lscape 2020/05/28 v3.02 Landscape Pages (DPC)
)
Package pdflscape Info: Auto-detected driver: pdftex on input line 81.
))
LaTeX Font Info:    Trying to load font information for U+msa on input line 38.
 (C:\Users\einar\OneDrive\Skrivebord\downloads\tex/latex/amsfonts\umsa.fd
File: umsa.fd 2013/01/14 v3.01 AMS symbols A
)
LaTeX Font Info:    Trying to load font information for U+msb on input line 38.
 (C:\Users\einar\OneDrive\Skrivebord\downloads\tex/latex/amsfonts\umsb.fd
File: umsb.fd 2013/01/14 v3.01 AMS symbols B
) (besvarelse.toc)
\tf@toc=\write5
\openout5 = `besvarelse.toc'.

 [1

{C:/Users/einar/AppData/Local/MiKTeX/fonts/map/pdftex/pdftex.map}] [2]
Overfull \hbox (3.01674pt too wide) in paragraph at lines 56--57
[]\OT1/cmr/m/n/12 Billettreferanse er fremmedn^^\kkel mot Bil-lett, kan ikke v^^Zre NULL 
 []


Overfull \hbox (2.41963pt too wide) in paragraph at lines 62--63
[]\OT1/cmr/m/n/12 FlyselskapID er fremmedn^^\kkel mot FLy-type, kan ikke v^^Zre NULL 
 []


Overfull \hbox (1.64598pt too wide) in paragraph at lines 65--67
[]\OT1/cmr/m/n/12 Billett (Refer-ansenr, Kun-denr, L^^\penr, Prisklasse, Pris, Sete-valg, Reise-
 []

[3]
Overfull \hbox (8.00421pt too wide) in paragraph at lines 124--126
[]\OT1/cmr/m/n/12 Kunde (Kun-denr, Navn, Tlf, Epost, Nasjon-alitet, Innsjekkingstid-spunkt) 
 []

[4]

Package caption Warning: Unused \captionsetup[sub] on input line 27.
See the caption package documentation for explanation.

[5] (besvarelse.aux)
 ***********
LaTeX2e <2023-11-01> patch level 1
L3 programming layer <2024-01-04>
 ***********
Package rerunfilecheck Info: File `besvarelse.out' has not changed.
(rerunfilecheck)             Checksum: 9F642B9A7B077CFAB624707BA4514C02;162.
 ) 
Here is how much of TeX's memory you used:
 35994 strings out of 474486
 829301 string characters out of 5743755
 1934542 words of memory out of 5000000
 57715 multiletter control sequences out of 15000+600000
 562515 words of font info for 53 fonts, out of 8000000 for 9000
 1141 hyphenation exceptions out of 8191
 84i,6n,93p,801b,653s stack positions out of 10000i,1000n,20000p,200000b,200000s
 <C:\Users\einar\AppData\Local\MiKTeX\fonts/pk/ljfour/jknappen/ec/dpi600\tcrm1200.pk><C:/Users/einar/OneDrive/Skrivebord/downloads/fonts/type1/public/amsfonts/cm/cmbx12.pfb><C:/Users/einar/OneDrive/Skrivebord/downloads/fonts/type1/public/amsfonts/cm/cmr12.pfb><C:/Users/einar/OneDrive/Skrivebord/downloads/fonts/type1/public/amsfonts/cm/cmr17.pfb>
Output written on besvarelse.pdf (5 pages, 49271 bytes).
PDF statistics:
 64 PDF objects out of 1000 (max. 8388607)
 9 named destinations out of 1000 (max. 500000)
 29 words of extra memory for PDF output out of 10000 (max. 10000000)

